[debug] [2021-10-16T04:51:59.243Z] ----------------------------------------------------------------------
[debug] [2021-10-16T04:51:59.246Z] Command:       C:\Program Files\nodejs\node.exe C:\Users\Muhammad Bilal Ehsan\AppData\Roaming\npm\node_modules\firebase-tools\lib\bin\firebase.js init hosting
[debug] [2021-10-16T04:51:59.246Z] CLI Version:   9.20.0
[debug] [2021-10-16T04:51:59.247Z] Platform:      win32
[debug] [2021-10-16T04:51:59.247Z] Node Version:  v16.8.0
[debug] [2021-10-16T04:51:59.248Z] Time:          Fri Oct 15 2021 21:51:59 GMT-0700 (Pacific Daylight Time)
[debug] [2021-10-16T04:51:59.248Z] ----------------------------------------------------------------------
[debug] 
[debug] [2021-10-16T04:51:59.326Z] > command requires scopes: ["email","openid","https://www.googleapis.com/auth/cloudplatformprojects.readonly","https://www.googleapis.com/auth/firebase","https://www.googleapis.com/auth/cloud-platform"]
[debug] [2021-10-16T04:51:59.326Z] > authorizing via signed-in user (bilalprogrammer09@gmail.com)
[info] 
     ######## #### ########  ######## ########     ###     ######  ########
     ##        ##  ##     ## ##       ##     ##  ##   ##  ##       ##
     ######    ##  ########  ######   ########  #########  ######  ######
     ##        ##  ##    ##  ##       ##     ## ##     ##       ## ##
     ##       #### ##     ## ######## ########  ##     ##  ######  ########

You're about to initialize a Firebase project in this directory:

  E:\Computing Yard\react-redux-firebase-todo

Before we get started, keep in mind:

  * You are initializing within an existing Firebase project directory

[info] 
=== Project Setup
[info] 
[info] First, let's associate this project directory with a Firebase project.
[info] You can create multiple project aliases by running firebase use --add, 
[info] but for now we'll just set up a default project.
[info] 
[info] i  .firebaserc already has a default project, using r-r-todo. 
[debug] [2021-10-16T04:52:01.644Z] > refreshing access token with scopes: []
[debug] [2021-10-16T04:52:01.645Z] >>> HTTP REQUEST POST https://www.googleapis.com/oauth2/v3/token  
 <request body omitted>
[debug] [2021-10-16T04:52:02.296Z] <<< HTTP RESPONSE 200 {"pragma":"no-cache","expires":"Mon, 01 Jan 1990 00:00:00 GMT","cache-control":"no-cache, no-store, max-age=0, must-revalidate","date":"Sat, 16 Oct 2021 04:52:02 GMT","content-type":"application/json; charset=utf-8","vary":"X-Origin, Referer, Origin,Accept-Encoding","server":"scaffolding on HTTPServer2","x-xss-protection":"0","x-frame-options":"SAMEORIGIN","x-content-type-options":"nosniff","alt-svc":"h3=\":443\"; ma=2592000,h3-29=\":443\"; ma=2592000,h3-T051=\":443\"; ma=2592000,h3-Q050=\":443\"; ma=2592000,h3-Q046=\":443\"; ma=2592000,h3-Q043=\":443\"; ma=2592000,quic=\":443\"; ma=2592000; v=\"46,43\"","accept-ranges":"none","transfer-encoding":"chunked"}
[debug] [2021-10-16T04:52:02.335Z] >>> [apiv2][query] GET https://firebase.googleapis.com/v1beta1/projects/r-r-todo [none]
[debug] [2021-10-16T04:52:03.311Z] <<< [apiv2][status] GET https://firebase.googleapis.com/v1beta1/projects/r-r-todo 200
[debug] [2021-10-16T04:52:03.311Z] <<< [apiv2][body] GET https://firebase.googleapis.com/v1beta1/projects/r-r-todo {"projectId":"r-r-todo","projectNumber":"404598580438","displayName":"r-r-todo","name":"projects/r-r-todo","resources":{"hostingSite":"r-r-todo","realtimeDatabaseInstance":"r-r-todo-default-rtdb"},"state":"ACTIVE"}
[info] 
=== Hosting Setup
[info] 
[info] Your public directory is the folder (relative to your project directory) that
[info] will contain Hosting assets to be uploaded with firebase deploy. If you
[info] have a build process for your assets, use your build's output directory.
[info] 
